app/build/intermediates/manifest_merge_blame_file/debug/manifest-merger-blame-debug-report.txt
1<?xml version="1.0" encoding="utf-8"?>
2<manifest xmlns:android="http://schemas.android.com/apk/res/android"
3    package="com.example.ev_mapbox"
4    android:versionCode="1"
5    android:versionName="1.0" >
6
7    <uses-sdk
8        android:minSdkVersion="30"
8-->src/main/AndroidManifest.xml
9        android:targetSdkVersion="32" />
9-->src/main/AndroidManifest.xml
10
11    <uses-permission android:name="android.permission.ACCESS_NETWORK_STATE" />
11-->src/main/AndroidManifest.xml:4:5-78
11-->src/main/AndroidManifest.xml:4:22-76
12    <uses-permission android:name="android.permission.INTERNET" />
12-->src/main/AndroidManifest.xml:5:5-66
12-->src/main/AndroidManifest.xml:5:22-64
13    <uses-permission android:name="android.permission.ACCESS_COARSE_LOCATION" />
13-->src/main/AndroidManifest.xml:6:5-80
13-->src/main/AndroidManifest.xml:6:22-78
14    <uses-permission android:name="android.permission.ACCESS_FINE_LOCATION" />
14-->src/main/AndroidManifest.xml:7:5-78
14-->src/main/AndroidManifest.xml:7:22-76
15    <uses-permission android:name="android.permission.FOREGROUND_SERVICE" />
15-->src/main/AndroidManifest.xml:8:5-76
15-->src/main/AndroidManifest.xml:8:22-74
16    <uses-permission android:name="android.permission.ACCESS_BACKGROUND_LOCATION" />
16-->src/main/AndroidManifest.xml:9:5-84
16-->src/main/AndroidManifest.xml:9:22-82
17
18    <uses-feature
18-->[com.google.android.gms:play-services-maps:18.1.0] AndroidManifest.xml:26:5-28:35
19        android:glEsVersion="0x00020000"
19-->[com.google.android.gms:play-services-maps:18.1.0] AndroidManifest.xml:27:9-41
20        android:required="true" />
20-->[com.google.android.gms:play-services-maps:18.1.0] AndroidManifest.xml:28:9-32
21
22    <queries>
22-->[com.google.android.gms:play-services-maps:18.1.0] AndroidManifest.xml:30:5-34:15
23
24        <!-- Needs to be explicitly declared on Android R+ -->
25        <package android:name="com.google.android.apps.maps" />
25-->[com.google.android.gms:play-services-maps:18.1.0] AndroidManifest.xml:33:9-64
25-->[com.google.android.gms:play-services-maps:18.1.0] AndroidManifest.xml:33:18-61
26
27        <intent>
27-->[androidx.wear.tiles:tiles:1.1.0-alpha04] AndroidManifest.xml:10:9-12:18
28            <action android:name="androidx.wear.tiles.action.BIND_UPDATE_REQUESTER" />
28-->[androidx.wear.tiles:tiles:1.1.0-alpha04] AndroidManifest.xml:11:13-87
28-->[androidx.wear.tiles:tiles:1.1.0-alpha04] AndroidManifest.xml:11:21-84
29        </intent>
30    </queries>
31
32    <uses-permission android:name="android.permission.REORDER_TASKS" />
32-->[androidx.test:core:1.5.0] AndroidManifest.xml:24:5-72
32-->[androidx.test:core:1.5.0] AndroidManifest.xml:24:22-69
33
34    <application
34-->src/main/AndroidManifest.xml:11:5-33:19
35        android:name="com.example.ev_mapbox.MyApplication"
35-->src/main/AndroidManifest.xml:12:9-38
36        android:allowBackup="true"
36-->src/main/AndroidManifest.xml:13:9-35
37        android:appComponentFactory="androidx.core.app.CoreComponentFactory"
37-->[androidx.core:core:1.8.0] AndroidManifest.xml:24:18-86
38        android:dataExtractionRules="@xml/data_extraction_rules"
38-->src/main/AndroidManifest.xml:14:9-65
39        android:debuggable="true"
40        android:extractNativeLibs="false"
41        android:fullBackupContent="@xml/backup_rules"
41-->src/main/AndroidManifest.xml:15:9-54
42        android:icon="@mipmap/ic_launcher"
42-->src/main/AndroidManifest.xml:16:9-43
43        android:label="@string/app_name"
43-->src/main/AndroidManifest.xml:17:9-41
44        android:supportsRtl="true"
44-->src/main/AndroidManifest.xml:18:9-35
45        android:theme="@style/Theme.Call_Mapbox_API" >
45-->src/main/AndroidManifest.xml:19:9-53
46        <meta-data
47            android:name="com.google.android.geo.API_KEY"
47-->src/main/AndroidManifest.xml:22:13-58
48            android:value="Google Key" />
48-->src/main/AndroidManifest.xml:23:13-44
49
50        <activity
50-->src/main/AndroidManifest.xml:24:9-32:20
51            android:name="com.example.ev_mapbox.ui.MainActivity"
51-->src/main/AndroidManifest.xml:25:13-65
52            android:exported="true" >
52-->src/main/AndroidManifest.xml:26:13-36
53            <intent-filter>
53-->src/main/AndroidManifest.xml:27:13-31:29
54                <action android:name="android.intent.action.MAIN" />
54-->src/main/AndroidManifest.xml:28:17-69
54-->src/main/AndroidManifest.xml:28:25-66
55
56                <category android:name="android.intent.category.LAUNCHER" />
56-->src/main/AndroidManifest.xml:30:17-77
56-->src/main/AndroidManifest.xml:30:27-74
57            </intent-filter>
58        </activity>
59        <activity
59-->[pub.devrel:easypermissions:3.0.0] AndroidManifest.xml:12:9-16:66
60            android:name="pub.devrel.easypermissions.AppSettingsDialogHolderActivity"
60-->[pub.devrel:easypermissions:3.0.0] AndroidManifest.xml:13:13-86
61            android:exported="false"
61-->[pub.devrel:easypermissions:3.0.0] AndroidManifest.xml:14:13-37
62            android:label=""
62-->[pub.devrel:easypermissions:3.0.0] AndroidManifest.xml:15:13-29
63            android:theme="@style/EasyPermissions.Transparent" /> <!-- Needs to be explicitly declared on P+ -->
63-->[pub.devrel:easypermissions:3.0.0] AndroidManifest.xml:16:13-63
64        <uses-library
64-->[com.google.android.gms:play-services-maps:18.1.0] AndroidManifest.xml:39:9-41:40
65            android:name="org.apache.http.legacy"
65-->[com.google.android.gms:play-services-maps:18.1.0] AndroidManifest.xml:40:13-50
66            android:required="false" />
66-->[com.google.android.gms:play-services-maps:18.1.0] AndroidManifest.xml:41:13-37
67
68        <activity
68-->[com.google.android.gms:play-services-base:18.0.1] AndroidManifest.xml:20:9-22:45
69            android:name="com.google.android.gms.common.api.GoogleApiActivity"
69-->[com.google.android.gms:play-services-base:18.0.1] AndroidManifest.xml:20:19-85
70            android:exported="false"
70-->[com.google.android.gms:play-services-base:18.0.1] AndroidManifest.xml:22:19-43
71            android:theme="@android:style/Theme.Translucent.NoTitleBar" />
71-->[com.google.android.gms:play-services-base:18.0.1] AndroidManifest.xml:21:19-78
72
73        <meta-data
73-->[com.google.android.gms:play-services-basement:18.0.0] AndroidManifest.xml:21:9-23:69
74            android:name="com.google.android.gms.version"
74-->[com.google.android.gms:play-services-basement:18.0.0] AndroidManifest.xml:22:13-58
75            android:value="@integer/google_play_services_version" />
75-->[com.google.android.gms:play-services-basement:18.0.0] AndroidManifest.xml:23:13-66
76
77        <uses-library
77-->[androidx.window:window:1.0.0] AndroidManifest.xml:25:9-27:40
78            android:name="androidx.window.extensions"
78-->[androidx.window:window:1.0.0] AndroidManifest.xml:26:13-54
79            android:required="false" />
79-->[androidx.window:window:1.0.0] AndroidManifest.xml:27:13-37
80        <uses-library
80-->[androidx.window:window:1.0.0] AndroidManifest.xml:28:9-30:40
81            android:name="androidx.window.sidecar"
81-->[androidx.window:window:1.0.0] AndroidManifest.xml:29:13-51
82            android:required="false" />
82-->[androidx.window:window:1.0.0] AndroidManifest.xml:30:13-37
83
84        <service
84-->[androidx.room:room-runtime:2.4.3] AndroidManifest.xml:25:9-28:40
85            android:name="androidx.room.MultiInstanceInvalidationService"
85-->[androidx.room:room-runtime:2.4.3] AndroidManifest.xml:26:13-74
86            android:directBootAware="true"
86-->[androidx.room:room-runtime:2.4.3] AndroidManifest.xml:27:13-43
87            android:exported="false" />
87-->[androidx.room:room-runtime:2.4.3] AndroidManifest.xml:28:13-37
88
89        <provider
89-->[androidx.emoji2:emoji2:1.2.0] AndroidManifest.xml:24:9-32:20
90            android:name="androidx.startup.InitializationProvider"
90-->[androidx.emoji2:emoji2:1.2.0] AndroidManifest.xml:25:13-67
91            android:authorities="com.example.ev_mapbox.androidx-startup"
91-->[androidx.emoji2:emoji2:1.2.0] AndroidManifest.xml:26:13-68
92            android:exported="false" >
92-->[androidx.emoji2:emoji2:1.2.0] AndroidManifest.xml:27:13-37
93            <meta-data
93-->[androidx.emoji2:emoji2:1.2.0] AndroidManifest.xml:29:13-31:52
94                android:name="androidx.emoji2.text.EmojiCompatInitializer"
94-->[androidx.emoji2:emoji2:1.2.0] AndroidManifest.xml:30:17-75
95                android:value="androidx.startup" />
95-->[androidx.emoji2:emoji2:1.2.0] AndroidManifest.xml:31:17-49
96            <meta-data
96-->[androidx.lifecycle:lifecycle-process:2.4.1] AndroidManifest.xml:31:13-33:52
97                android:name="androidx.lifecycle.ProcessLifecycleInitializer"
97-->[androidx.lifecycle:lifecycle-process:2.4.1] AndroidManifest.xml:32:17-78
98                android:value="androidx.startup" />
98-->[androidx.lifecycle:lifecycle-process:2.4.1] AndroidManifest.xml:33:17-49
99        </provider>
100
101        <activity
101-->[androidx.test:core:1.5.0] AndroidManifest.xml:27:9-34:20
102            android:name="androidx.test.core.app.InstrumentationActivityInvoker$BootstrapActivity"
102-->[androidx.test:core:1.5.0] AndroidManifest.xml:28:13-99
103            android:exported="true"
103-->[androidx.test:core:1.5.0] AndroidManifest.xml:29:13-36
104            android:theme="@style/WhiteBackgroundTheme" >
104-->[androidx.test:core:1.5.0] AndroidManifest.xml:30:13-56
105            <intent-filter android:priority="-100" >
105-->[androidx.test:core:1.5.0] AndroidManifest.xml:31:13-33:29
105-->[androidx.test:core:1.5.0] AndroidManifest.xml:31:28-51
106                <category android:name="android.intent.category.LAUNCHER" />
106-->src/main/AndroidManifest.xml:30:17-77
106-->src/main/AndroidManifest.xml:30:27-74
107            </intent-filter>
108        </activity>
109        <activity
109-->[androidx.test:core:1.5.0] AndroidManifest.xml:35:9-42:20
110            android:name="androidx.test.core.app.InstrumentationActivityInvoker$EmptyActivity"
110-->[androidx.test:core:1.5.0] AndroidManifest.xml:36:13-95
111            android:exported="true"
111-->[androidx.test:core:1.5.0] AndroidManifest.xml:37:13-36
112            android:theme="@style/WhiteBackgroundTheme" >
112-->[androidx.test:core:1.5.0] AndroidManifest.xml:38:13-56
113            <intent-filter android:priority="-100" >
113-->[androidx.test:core:1.5.0] AndroidManifest.xml:31:13-33:29
113-->[androidx.test:core:1.5.0] AndroidManifest.xml:31:28-51
114                <category android:name="android.intent.category.LAUNCHER" />
114-->src/main/AndroidManifest.xml:30:17-77
114-->src/main/AndroidManifest.xml:30:27-74
115            </intent-filter>
116        </activity>
117        <activity
117-->[androidx.test:core:1.5.0] AndroidManifest.xml:43:9-50:20
118            android:name="androidx.test.core.app.InstrumentationActivityInvoker$EmptyFloatingActivity"
118-->[androidx.test:core:1.5.0] AndroidManifest.xml:44:13-103
119            android:exported="true"
119-->[androidx.test:core:1.5.0] AndroidManifest.xml:45:13-36
120            android:theme="@style/WhiteBackgroundDialogTheme" >
120-->[androidx.test:core:1.5.0] AndroidManifest.xml:46:13-62
121            <intent-filter android:priority="-100" >
121-->[androidx.test:core:1.5.0] AndroidManifest.xml:31:13-33:29
121-->[androidx.test:core:1.5.0] AndroidManifest.xml:31:28-51
122                <category android:name="android.intent.category.LAUNCHER" />
122-->src/main/AndroidManifest.xml:30:17-77
122-->src/main/AndroidManifest.xml:30:27-74
123            </intent-filter>
124        </activity>
125    </application>
126
127</manifest>